WARNING: underlay of /etc/localtime required more than 50 (120) bind mounts
WARNING: underlay of /usr/bin/nvidia-smi required more than 50 (454) bind mounts
WARNING: underlay of /etc/localtime required more than 50 (120) bind mounts
WARNING: underlay of /usr/bin/nvidia-smi required more than 50 (454) bind mounts
/share/apps/NYUAD5/Modules/4.6.1//init/bash: line 37: /usr/bin/tclsh: No such file or directory
pybullet build time: May 20 2022 19:44:17
Warning: Flow failed to import. Set the environment variable D4RL_SUPPRESS_IMPORT_ERROR=1 to suppress this message.
No module named 'flow'
Warning: CARLA failed to import. Set the environment variable D4RL_SUPPRESS_IMPORT_ERROR=1 to suppress this message.
No module named 'carla'
/opt/conda/lib/python3.8/site-packages/gym/spaces/box.py:73: UserWarning: [33mWARN: Box bound precision lowered by casting to float32[0m
  logger.warn(
load datafile:   0%|          | 0/9 [00:00<?, ?it/s]load datafile:  11%|â–ˆ         | 1/9 [00:00<00:03,  2.32it/s]load datafile:  33%|â–ˆâ–ˆâ–ˆâ–Ž      | 3/9 [00:01<00:02,  2.01it/s]load datafile:  44%|â–ˆâ–ˆâ–ˆâ–ˆâ–     | 4/9 [00:02<00:03,  1.65it/s]load datafile:  56%|â–ˆâ–ˆâ–ˆâ–ˆâ–ˆâ–Œ    | 5/9 [00:03<00:02,  1.35it/s]load datafile:  67%|â–ˆâ–ˆâ–ˆâ–ˆâ–ˆâ–ˆâ–‹   | 6/9 [00:04<00:02,  1.21it/s]load datafile: 100%|â–ˆâ–ˆâ–ˆâ–ˆâ–ˆâ–ˆâ–ˆâ–ˆâ–ˆâ–ˆ| 9/9 [00:04<00:00,  2.06it/s]
wandb: Currently logged in as: yd2247 (nyuad_mmvc). Use `wandb login --relogin` to force relogin
wandb: Appending key for api.wandb.ai to your netrc file: /home/yd2247/.netrc
wandb: wandb version 0.19.5 is available!  To upgrade, please run:
wandb:  $ pip install wandb --upgrade
wandb: Tracking run with wandb version 0.15.0
wandb: Run data is saved locally in /scratch/yd2247/CORL/algorithms/scripts/wandb/run-20250204_181902-halfcheetah-CompareRewards-0
wandb: Run `wandb offline` to turn off syncing.
wandb: Syncing run IQL-original-expert1.0-halfcheetah-seed0
wandb: â­ï¸ View project at https://wandb.ai/nyuad_mmvc/CORL
wandb: ðŸš€ View run at https://wandb.ai/nyuad_mmvc/CORL/runs/halfcheetah-CompareRewards-0
wandb: WARNING Calling wandb.run.save without any arguments is deprecated.Changes to attributes are automatically persisted.
slurmstepd: error: *** JOB 9982953 ON dn011 CANCELLED AT 2025-02-04T18:34:15 ***
